<?xml version="1.0" encoding="UTF-8"?>
<!-- Generated by org.testng.reporters.JUnitXMLReporter -->
<testsuite hostname="VISHNU-PC" name="TestA1" tests="4" failures="0" timestamp="11 Mar 2018 06:51:00 GMT" time="0.049" errors="0">
  <testcase name="TestA1" time="0.005" classname="com.automation.working.day8.DemoA"/>
  <testcase name="TestA1" time="0.001" classname="com.automation.working.day8.DemoA"/>
  <testcase name="TestA1" time="0.004" classname="com.automation.working.day8.DemoA"/>
  <testcase name="TestA2" time="0.002" classname="com.automation.working.day8.DemoA"/>
</testsuite> <!-- TestA1 -->
