<?xml version="1.0" encoding="UTF-8"?>
<!-- Generated by org.testng.reporters.JUnitXMLReporter -->
<testsuite hostname="VISHNU-PC" name="Test" tests="3" failures="0" timestamp="11 Mar 2018 06:33:59 GMT" time="0.078" errors="0">
  <testcase name="TestA1" time="0.009" classname="com.automation.working.day8.DemoA"/>
  <testcase name="TestA2" time="0.001" classname="com.automation.working.day8.DemoA"/>
  <testcase name="TestB1" time="0.001" classname="com.automation.working.day8.DemoB"/>
</testsuite> <!-- Test -->
