<?xml version="1.0" encoding="UTF-8"?>
<testng-results skipped="0" failed="0" total="1" passed="1">
  <reporter-output>
  </reporter-output>
  <suite name="suite" duration-ms="8414" started-at="2018-03-11T07:40:33Z" finished-at="2018-03-11T07:40:41Z">
    <groups>
    </groups>
    <test name="TestE" duration-ms="8414" started-at="2018-03-11T07:40:33Z" finished-at="2018-03-11T07:40:41Z">
      <class name="com.automation.working.day8.DemoE">
        <test-method status="PASS" signature="TestE()[pri:0, instance:com.automation.working.day8.DemoE@15eef3d]" name="TestE" duration-ms="8390" started-at="2018-03-11T13:10:33Z" finished-at="2018-03-11T13:10:41Z">
          <reporter-output>
          </reporter-output>
        </test-method> <!-- TestE -->
      </class> <!-- com.automation.working.day8.DemoE -->
    </test> <!-- TestE -->
  </suite> <!-- suite -->
</testng-results>
